Using pre-set license
Built from '2020.3/staging' branch; Version is '2020.3.0f1 (c7b5465681fb) revision 13088070'; Using compiler version '192528614'; Build Type 'Release'
OS: 'Windows 10 Home; OS build 19044.2251; Version 2009; 64bit' Language: 'en' Physical Memory: 16344 MB
BatchMode: 1, IsHumanControllingUs: 0, StartBugReporterOnCrash: 0, Is64bit: 1, IsPro: 0

 COMMAND LINE ARGUMENTS:
C:\Program Files\Unity\Hub\Editor\2020.3.0f1\Editor\Unity.exe
-adb2
-batchMode
-noUpm
-name
AssetImportWorker0
-projectPath
C:/Users/Chadmeister/Desktop/0x00-unity-assets_ui
-logFile
Logs/AssetImportWorker0.log
-srvPort
53978
Successfully changed project path to: C:/Users/Chadmeister/Desktop/0x00-unity-assets_ui
C:/Users/Chadmeister/Desktop/0x00-unity-assets_ui
Using Asset Import Pipeline V2.
Refreshing native plugins compatible for Editor in 47.64 ms, found 0 plugins.
Preloading 0 native plugins for Editor in 0.00 ms.
Initialize engine version: 2020.3.0f1 (c7b5465681fb)
[Subsystems] Discovering subsystems at path C:/Program Files/Unity/Hub/Editor/2020.3.0f1/Editor/Data/Resources/UnitySubsystems
[Subsystems] Discovering subsystems at path C:/Users/Chadmeister/Desktop/0x00-unity-assets_ui/Assets
GfxDevice: creating device client; threaded=0
Direct3D:
    Version:  Direct3D 11.0 [level 11.1]
    Renderer: Radeon (TM) RX 480 Graphics (ID=0x67df)
    Vendor:   
    VRAM:     8170 MB
    Driver:   31.0.12027.7000
Initialize mono
Mono path[0] = 'C:/Program Files/Unity/Hub/Editor/2020.3.0f1/Editor/Data/Managed'
Mono path[1] = 'C:/Program Files/Unity/Hub/Editor/2020.3.0f1/Editor/Data/MonoBleedingEdge/lib/mono/unityjit'
Mono config path = 'C:/Program Files/Unity/Hub/Editor/2020.3.0f1/Editor/Data/MonoBleedingEdge/etc'
Using monoOptions --debugger-agent=transport=dt_socket,embedding=1,server=y,suspend=n,address=127.0.0.1:56852
Begin MonoManager ReloadAssembly
Registering precompiled unity dll's ...
Register platform support module: C:/Program Files/Unity/Hub/Editor/2020.3.0f1/Editor/Data/PlaybackEngines/WindowsStandaloneSupport/UnityEditor.WindowsStandalone.Extensions.dll
Registered in 0.003932 seconds.
Native extension for WindowsStandalone target not found
Refreshing native plugins compatible for Editor in 44.06 ms, found 0 plugins.
Preloading 0 native plugins for Editor in 0.00 ms.
Invoked RoslynAnalysisRunner static constructor.
RoslynAnalysisRunner will not be running.
RoslynAnalysisRunner has terminated.
Mono: successfully reloaded assembly
- Completed reload, in  1.617 seconds
Platform modules already initialized, skipping
Registering precompiled user dll's ...
Registered in 0.000989 seconds.
Begin MonoManager ReloadAssembly
Native extension for WindowsStandalone target not found
Refreshing native plugins compatible for Editor in 0.26 ms, found 0 plugins.
Preloading 0 native plugins for Editor in 0.00 ms.
Invoked RoslynAnalysisRunner static constructor.
RoslynAnalysisRunner will not be running.
RoslynAnalysisRunner has terminated.
Mono: successfully reloaded assembly
- Completed reload, in  0.966 seconds
Platform modules already initialized, skipping
========================================================================
Worker process is ready to serve import requests
Launched and connected shader compiler UnityShaderCompiler.exe after 0.07 seconds
Refreshing native plugins compatible for Editor in 0.23 ms, found 0 plugins.
Preloading 0 native plugins for Editor in 0.00 ms.
Unloading 1152 Unused Serialized files (Serialized files now loaded: 0)
System memory in use before: 58.9 MB.
System memory in use after: 58.9 MB.

Unloading 10 unused Assets to reduce memory usage. Loaded Objects now: 1600.
Total: 3.087500 ms (FindLiveObjects: 0.213400 ms CreateObjectMapping: 0.070500 ms MarkObjects: 2.683900 ms  DeleteObjects: 0.118600 ms)

========================================================================
Received Import Request.
  path: Assets/New LightmapParameters.giparams
  artifactKey: Guid(48115055701abe1419808fa21303f11b) Importer(815301076,1909f56bfc062723c751e8b465ee728b)
Start importing Assets/New LightmapParameters.giparams using Guid(48115055701abe1419808fa21303f11b) Importer(815301076,1909f56bfc062723c751e8b465ee728b)  -> (artifact id: '987d71763a17746ec8ad9c5e4aa98857') in 0.064405 seconds
  Import took 0.067303 seconds .

========================================================================
Received Import Request.
  Time since last request: 1296.615862 seconds.
  path: Assets/Scenes/Level01.unity
  artifactKey: Guid(0cc4dbbdf3800c24bbdc5d2f2ba1bd49) Importer(815301076,1909f56bfc062723c751e8b465ee728b)
Start importing Assets/Scenes/Level01.unity using Guid(0cc4dbbdf3800c24bbdc5d2f2ba1bd49) Importer(815301076,1909f56bfc062723c751e8b465ee728b)  -> (artifact id: '35d568525d62bed753996ee5f0610884') in 0.009456 seconds
  Import took 0.012052 seconds .

========================================================================
Received Import Request.
  Time since last request: 773.260234 seconds.
  path: Assets/Textures/UI/bg-button.png
  artifactKey: Guid(bae8536d04e2f7d47a2acfd5ce9c0b58) Importer(815301076,1909f56bfc062723c751e8b465ee728b)
Start importing Assets/Textures/UI/bg-button.png using Guid(bae8536d04e2f7d47a2acfd5ce9c0b58) Importer(815301076,1909f56bfc062723c751e8b465ee728b)  -> (artifact id: '8e5a258887b969dcc233f22b213dcb72') in 0.275580 seconds
  Import took 0.285555 seconds .

========================================================================
Received Import Request.
  Time since last request: 83.731239 seconds.
  path: Assets/Textures/UI/bg-button.png
  artifactKey: Guid(bae8536d04e2f7d47a2acfd5ce9c0b58) Importer(815301076,1909f56bfc062723c751e8b465ee728b)
Start importing Assets/Textures/UI/bg-button.png using Guid(bae8536d04e2f7d47a2acfd5ce9c0b58) Importer(815301076,1909f56bfc062723c751e8b465ee728b)  -> (artifact id: '71edd82837545f310ad6c11c51fb62d8') in 0.015192 seconds
  Import took 0.057293 seconds .

========================================================================
Received Import Request.
  Time since last request: 22.723291 seconds.
  path: Assets/Textures/UI/bg-button.png
  artifactKey: Guid(bae8536d04e2f7d47a2acfd5ce9c0b58) Importer(815301076,1909f56bfc062723c751e8b465ee728b)
Start importing Assets/Textures/UI/bg-button.png using Guid(bae8536d04e2f7d47a2acfd5ce9c0b58) Importer(815301076,1909f56bfc062723c751e8b465ee728b)  -> (artifact id: '9b0f03a2eeb5cd5ef116c55ba2678828') in 0.017143 seconds
  Import took 0.020232 seconds .

========================================================================
Received Import Request.
  Time since last request: 103.425890 seconds.
  path: Assets/Textures/UI/bg-button.png
  artifactKey: Guid(bae8536d04e2f7d47a2acfd5ce9c0b58) Importer(815301076,1909f56bfc062723c751e8b465ee728b)
Start importing Assets/Textures/UI/bg-button.png using Guid(bae8536d04e2f7d47a2acfd5ce9c0b58) Importer(815301076,1909f56bfc062723c751e8b465ee728b)  -> (artifact id: '56ba0881765861d10b1f12a67abaf571') in 0.030607 seconds
  Import took 0.033356 seconds .

========================================================================
Received Import Request.
  Time since last request: 375.315395 seconds.
  path: Assets/Textures/UI/button-level01.png
  artifactKey: Guid(59d423294619fa04f81b2c5229179c93) Importer(815301076,1909f56bfc062723c751e8b465ee728b)
Start importing Assets/Textures/UI/button-level01.png using Guid(59d423294619fa04f81b2c5229179c93) Importer(815301076,1909f56bfc062723c751e8b465ee728b)  -> (artifact id: '4c4b4daa84d04b73ac4d5a847672eb69') in 0.035221 seconds
  Import took 0.038021 seconds .

========================================================================
Received Import Request.
  Time since last request: 18.415703 seconds.
  path: Assets/Textures/UI/button-level01.png
  artifactKey: Guid(59d423294619fa04f81b2c5229179c93) Importer(815301076,1909f56bfc062723c751e8b465ee728b)
Start importing Assets/Textures/UI/button-level01.png using Guid(59d423294619fa04f81b2c5229179c93) Importer(815301076,1909f56bfc062723c751e8b465ee728b)  -> (artifact id: 'd9b9bbe8b668f211d7ac96c5d11d3846') in 0.033450 seconds
  Import took 0.036023 seconds .

========================================================================
Received Import Request.
  Time since last request: 0.000342 seconds.
  path: Assets/Textures/UI/button-level01.png
  artifactKey: Guid(59d423294619fa04f81b2c5229179c93) Importer(815301076,1909f56bfc062723c751e8b465ee728b)
Start importing Assets/Textures/UI/button-level01.png using Guid(59d423294619fa04f81b2c5229179c93) Importer(815301076,1909f56bfc062723c751e8b465ee728b)  -> (artifact id: 'd9b9bbe8b668f211d7ac96c5d11d3846') in 0.026745 seconds
  Import took 0.029118 seconds .

========================================================================
Received Import Request.
  Time since last request: 25.325718 seconds.
  path: Assets/Textures/UI/button-level02.png
  artifactKey: Guid(a1890224045d4e349ab476fdab119fc5) Importer(815301076,1909f56bfc062723c751e8b465ee728b)
Start importing Assets/Textures/UI/button-level02.png using Guid(a1890224045d4e349ab476fdab119fc5) Importer(815301076,1909f56bfc062723c751e8b465ee728b)  -> (artifact id: '6cda69d06224c0b584adab84c50af411') in 0.020538 seconds
  Import took 0.029692 seconds .

========================================================================
Received Import Request.
  Time since last request: 15.447114 seconds.
  path: Assets/Textures/UI/button-level02.png
  artifactKey: Guid(a1890224045d4e349ab476fdab119fc5) Importer(815301076,1909f56bfc062723c751e8b465ee728b)
Start importing Assets/Textures/UI/button-level02.png using Guid(a1890224045d4e349ab476fdab119fc5) Importer(815301076,1909f56bfc062723c751e8b465ee728b)  -> (artifact id: '8d3a74e4b36866b91f1ff7b035d72df1') in 0.041248 seconds
  Import took 0.044295 seconds .

========================================================================
Received Import Request.
  Time since last request: 31.815195 seconds.
  path: Assets/Textures/UI/button-level03.png
  artifactKey: Guid(b2e6ccc187b4e984fa58a8bb7f7c3754) Importer(815301076,1909f56bfc062723c751e8b465ee728b)
Start importing Assets/Textures/UI/button-level03.png using Guid(b2e6ccc187b4e984fa58a8bb7f7c3754) Importer(815301076,1909f56bfc062723c751e8b465ee728b)  -> (artifact id: '39e20cb7aefc9d7b7da8f8805ff7c6ec') in 0.028038 seconds
  Import took 0.030935 seconds .

========================================================================
Received Import Request.
  Time since last request: 14.947777 seconds.
  path: Assets/Textures/UI/button-level03.png
  artifactKey: Guid(b2e6ccc187b4e984fa58a8bb7f7c3754) Importer(815301076,1909f56bfc062723c751e8b465ee728b)
Start importing Assets/Textures/UI/button-level03.png using Guid(b2e6ccc187b4e984fa58a8bb7f7c3754) Importer(815301076,1909f56bfc062723c751e8b465ee728b)  -> (artifact id: '7fb1e6623a50c0ccef4e3f7fe2b1f1b1') in 0.032290 seconds
  Import took 0.035320 seconds .

========================================================================
Received Prepare
Registering precompiled user dll's ...
Registered in 0.001048 seconds.
Begin MonoManager ReloadAssembly
Native extension for WindowsStandalone target not found
Refreshing native plugins compatible for Editor in 0.48 ms, found 0 plugins.
Preloading 0 native plugins for Editor in 0.00 ms.
Invoked RoslynAnalysisRunner static constructor.
RoslynAnalysisRunner will not be running.
RoslynAnalysisRunner has terminated.
Mono: successfully reloaded assembly
- Completed reload, in  1.683 seconds
Platform modules already initialized, skipping
Refreshing native plugins compatible for Editor in 0.24 ms, found 0 plugins.
Preloading 0 native plugins for Editor in 0.00 ms.
Unloading 1147 Unused Serialized files (Serialized files now loaded: 0)
System memory in use before: 61.9 MB.
System memory in use after: 62.0 MB.

Unloading 5 unused Assets to reduce memory usage. Loaded Objects now: 1616.
Total: 1.798700 ms (FindLiveObjects: 0.157000 ms CreateObjectMapping: 0.039400 ms MarkObjects: 1.546100 ms  DeleteObjects: 0.054500 ms)

========================================================================
Received Prepare
Registering precompiled user dll's ...
Registered in 0.001153 seconds.
Begin MonoManager ReloadAssembly
Native extension for WindowsStandalone target not found
Refreshing native plugins compatible for Editor in 0.25 ms, found 0 plugins.
Preloading 0 native plugins for Editor in 0.00 ms.
Invoked RoslynAnalysisRunner static constructor.
RoslynAnalysisRunner will not be running.
RoslynAnalysisRunner has terminated.
Mono: successfully reloaded assembly
- Completed reload, in  4.763 seconds
Platform modules already initialized, skipping
Refreshing native plugins compatible for Editor in 0.26 ms, found 0 plugins.
Preloading 0 native plugins for Editor in 0.00 ms.
Unloading 1147 Unused Serialized files (Serialized files now loaded: 0)
System memory in use before: 61.9 MB.
System memory in use after: 62.0 MB.

Unloading 5 unused Assets to reduce memory usage. Loaded Objects now: 1619.
Total: 1.870200 ms (FindLiveObjects: 0.152800 ms CreateObjectMapping: 0.039700 ms MarkObjects: 1.628000 ms  DeleteObjects: 0.047700 ms)

========================================================================
Received Import Request.
  Time since last request: 3359.715756 seconds.
  path: Assets/Scenes/MainMenu.unity
  artifactKey: Guid(13c16dba364746f43a42b127b8f71658) Importer(815301076,1909f56bfc062723c751e8b465ee728b)
Start importing Assets/Scenes/MainMenu.unity using Guid(13c16dba364746f43a42b127b8f71658) Importer(815301076,1909f56bfc062723c751e8b465ee728b)  -> (artifact id: 'b6b00c828029907a2cb7f4946f6d869f') in 0.042731 seconds
  Import took 0.048045 seconds .

========================================================================
Received Prepare
Registering precompiled user dll's ...
Registered in 0.001250 seconds.
Begin MonoManager ReloadAssembly
Native extension for WindowsStandalone target not found
Refreshing native plugins compatible for Editor in 0.27 ms, found 0 plugins.
Preloading 0 native plugins for Editor in 0.00 ms.
Invoked RoslynAnalysisRunner static constructor.
RoslynAnalysisRunner will not be running.
RoslynAnalysisRunner has terminated.
Mono: successfully reloaded assembly
- Completed reload, in  1.015 seconds
Platform modules already initialized, skipping
Refreshing native plugins compatible for Editor in 0.36 ms, found 0 plugins.
Preloading 0 native plugins for Editor in 0.00 ms.
Unloading 1148 Unused Serialized files (Serialized files now loaded: 0)
System memory in use before: 62.0 MB.
System memory in use after: 62.1 MB.

Unloading 5 unused Assets to reduce memory usage. Loaded Objects now: 1623.
Total: 1.666800 ms (FindLiveObjects: 0.142300 ms CreateObjectMapping: 0.038700 ms MarkObjects: 1.399100 ms  DeleteObjects: 0.084800 ms)

========================================================================
Received Import Request.
  Time since last request: 509.268070 seconds.
  path: Assets/Scripts/NewBehaviourScript.cs
  artifactKey: Guid(9c8dce31ec857b04a8e2396cbed0bfbe) Importer(815301076,1909f56bfc062723c751e8b465ee728b)
Start importing Assets/Scripts/NewBehaviourScript.cs using Guid(9c8dce31ec857b04a8e2396cbed0bfbe) Importer(815301076,1909f56bfc062723c751e8b465ee728b)  -> (artifact id: '0091927372ada27a053d010ad26e9492') in 0.025454 seconds
  Import took 0.028358 seconds .

AssetImportWorkerClient::OnTransportError - code=2 error=End of file
